<?xml version="1.0" encoding="UTF-8"?>
<!-- Generated by org.testng.reporters.JUnitXMLReporter -->
<testsuite ignored="0" hostname="A-ABDELSATAR" failures="1" tests="1" name="Testonchrome" time="22.621" errors="0" timestamp="2024-03-22T13:40:14 EET">
  <testcase classname="testCases.MobilePageTest" name="Navigatetogoogle" time="22.502">
    <failure type="org.openqa.selenium.InvalidArgumentException" message="&amp;apos;chromedriverExecutable&amp;apos; must be of type string
Build info: version: &amp;apos;3.13.0&amp;apos;, revision: &amp;apos;2f0d292&amp;apos;, time: &amp;apos;2018-06-25T15:24:21.231Z&amp;apos;
System info: host: &amp;apos;A-ABDELSATAR&amp;apos;, ip: &amp;apos;10.238.127.162&amp;apos;, os.name: &amp;apos;Windows 10&amp;apos;, os.arch: &amp;apos;amd64&amp;apos;, os.version: &amp;apos;10.0&amp;apos;, java.version: &amp;apos;19&amp;apos;
Driver info: driver.version: AndroidDriver
remote stacktrace: InvalidArgumentError: &amp;apos;chromedriverExecutable&amp;apos; must be of type string
    at validateCaps (C:\Program Files\Appium Server GUI\resources\app\node_modules\appium\node_modules\appium-base-driver\lib\basedriver\capabilities.js:52:11)
    at parseCaps (C:\Program Files\Appium Server GUI\resources\app\node_modules\appium\node_modules\appium-base-driver\lib\basedriver\capabilities.js:165:20)
    at processCapabilities (C:\Program Files\Appium Server GUI\resources\app\node_modules\appium\node_modules\appium-base-driver\lib\basedriver\capabilities.js:211:43)
    at AndroidUiautomator2Driver.createSession (C:\Program Files\Appium Server GUI\resources\app\node_modules\appium\node_modules\appium-base-driver\lib\basedriver\commands\session.js:37:14)
    at AndroidUiautomator2Driver.createSession (C:\Program Files\Appium Server GUI\resources\app\node_modules\appium\node_modules\appium-uiautomator2-driver\lib\driver.js:177:43)
    at AppiumDriver.createSession (C:\Program Files\Appium Server GUI\resources\app\node_modules\appium\lib\appium.js:387:43)
    at processTicksAndRejections (internal/process/task_queues.js:85:5)">
      <![CDATA[org.openqa.selenium.InvalidArgumentException: 'chromedriverExecutable' must be of type string
Build info: version: '3.13.0', revision: '2f0d292', time: '2018-06-25T15:24:21.231Z'
System info: host: 'A-ABDELSATAR', ip: '10.238.127.162', os.name: 'Windows 10', os.arch: 'amd64', os.version: '10.0', java.version: '19'
Driver info: driver.version: AndroidDriver
remote stacktrace: InvalidArgumentError: 'chromedriverExecutable' must be of type string
    at validateCaps (C:\Program Files\Appium Server GUI\resources\app\node_modules\appium\node_modules\appium-base-driver\lib\basedriver\capabilities.js:52:11)
    at parseCaps (C:\Program Files\Appium Server GUI\resources\app\node_modules\appium\node_modules\appium-base-driver\lib\basedriver\capabilities.js:165:20)
    at processCapabilities (C:\Program Files\Appium Server GUI\resources\app\node_modules\appium\node_modules\appium-base-driver\lib\basedriver\capabilities.js:211:43)
    at AndroidUiautomator2Driver.createSession (C:\Program Files\Appium Server GUI\resources\app\node_modules\appium\node_modules\appium-base-driver\lib\basedriver\commands\session.js:37:14)
    at AndroidUiautomator2Driver.createSession (C:\Program Files\Appium Server GUI\resources\app\node_modules\appium\node_modules\appium-uiautomator2-driver\lib\driver.js:177:43)
    at AppiumDriver.createSession (C:\Program Files\Appium Server GUI\resources\app\node_modules\appium\lib\appium.js:387:43)
    at processTicksAndRejections (internal/process/task_queues.js:85:5)
at org.openqa.selenium.remote.W3CHandshakeResponse.lambda$new$0(W3CHandshakeResponse.java:57)
at org.openqa.selenium.remote.W3CHandshakeResponse.lambda$getResponseFunction$2(W3CHandshakeResponse.java:104)
at org.openqa.selenium.remote.ProtocolHandshake.lambda$createSession$0(ProtocolHandshake.java:123)
at java.base/java.util.stream.ReferencePipeline$3$1.accept(ReferencePipeline.java:197)
at java.base/java.util.Spliterators$ArraySpliterator.tryAdvance(Spliterators.java:1016)
at java.base/java.util.stream.ReferencePipeline.forEachWithCancel(ReferencePipeline.java:129)
at java.base/java.util.stream.AbstractPipeline.copyIntoWithCancel(AbstractPipeline.java:527)
at java.base/java.util.stream.AbstractPipeline.copyInto(AbstractPipeline.java:513)
at java.base/java.util.stream.AbstractPipeline.wrapAndCopyInto(AbstractPipeline.java:499)
at java.base/java.util.stream.FindOps$FindOp.evaluateSequential(FindOps.java:150)
at java.base/java.util.stream.AbstractPipeline.evaluate(AbstractPipeline.java:234)
at java.base/java.util.stream.ReferencePipeline.findFirst(ReferencePipeline.java:647)
at org.openqa.selenium.remote.ProtocolHandshake.createSession(ProtocolHandshake.java:126)
at org.openqa.selenium.remote.ProtocolHandshake.createSession(ProtocolHandshake.java:73)
at org.openqa.selenium.remote.HttpCommandExecutor.execute(HttpCommandExecutor.java:136)
at io.appium.java_client.remote.AppiumCommandExecutor.execute(AppiumCommandExecutor.java:89)
at org.openqa.selenium.remote.RemoteWebDriver.execute(RemoteWebDriver.java:548)
at io.appium.java_client.DefaultGenericMobileDriver.execute(DefaultGenericMobileDriver.java:42)
at io.appium.java_client.AppiumDriver.execute(AppiumDriver.java:1)
at io.appium.java_client.android.AndroidDriver.execute(AndroidDriver.java:1)
at org.openqa.selenium.remote.RemoteWebDriver.startSession(RemoteWebDriver.java:212)
at org.openqa.selenium.remote.RemoteWebDriver.<init>(RemoteWebDriver.java:130)
at io.appium.java_client.DefaultGenericMobileDriver.<init>(DefaultGenericMobileDriver.java:38)
at io.appium.java_client.AppiumDriver.<init>(AppiumDriver.java:83)
at io.appium.java_client.AppiumDriver.<init>(AppiumDriver.java:93)
at io.appium.java_client.android.AndroidDriver.<init>(AndroidDriver.java:72)
at testBasis.Basic_Config_Mobile.set_Mobile(Basic_Config_Mobile.java:40)
at testCases.MobilePageTest.Navigatetogoogle(MobilePageTest.java:15)
at java.base/java.util.ArrayList.forEach(ArrayList.java:1511)
... Removed 28 stack frames]]>
    </failure>
  </testcase> <!-- Navigatetogoogle -->
</testsuite> <!-- Testonchrome -->
